\BOOKMARK [0][-]{chapter.1}{\376\377\0001\000\040\000H\000i\000e\000r\000a\000r\000c\000h\000i\000c\000a\000l\000\040\000I\000n\000d\000e\000x}{}% 1
\BOOKMARK [1][-]{section.1.1}{\376\377\0001\000.\0001\000\040\000C\000l\000a\000s\000s\000\040\000H\000i\000e\000r\000a\000r\000c\000h\000y}{chapter.1}% 2
\BOOKMARK [0][-]{chapter.2}{\376\377\0002\000\040\000C\000l\000a\000s\000s\000\040\000I\000n\000d\000e\000x}{}% 3
\BOOKMARK [1][-]{section.2.1}{\376\377\0002\000.\0001\000\040\000C\000l\000a\000s\000s\000\040\000L\000i\000s\000t}{chapter.2}% 4
\BOOKMARK [0][-]{chapter.3}{\376\377\0003\000\040\000C\000l\000a\000s\000s\000\040\000D\000o\000c\000u\000m\000e\000n\000t\000a\000t\000i\000o\000n}{}% 5
\BOOKMARK [1][-]{section.3.1}{\376\377\0003\000.\0001\000\040\000D\000i\000f\000f\000i\000c\000u\000l\000t\000y\000C\000a\000l\000c\000u\000l\000a\000t\000o\000r\000\040\000C\000l\000a\000s\000s\000\040\000R\000e\000f\000e\000r\000e\000n\000c\000e}{chapter.3}% 6
\BOOKMARK [2][-]{subsection.3.1.1}{\376\377\0003\000.\0001\000.\0001\000\040\000D\000e\000t\000a\000i\000l\000e\000d\000\040\000D\000e\000s\000c\000r\000i\000p\000t\000i\000o\000n}{section.3.1}% 7
\BOOKMARK [2][-]{subsection.3.1.2}{\376\377\0003\000.\0001\000.\0002\000\040\000C\000o\000n\000s\000t\000r\000u\000c\000t\000o\000r\000\040\000\046\000\040\000D\000e\000s\000t\000r\000u\000c\000t\000o\000r\000\040\000D\000o\000c\000u\000m\000e\000n\000t\000a\000t\000i\000o\000n}{section.3.1}% 8
\BOOKMARK [3][-]{subsubsection.3.1.2.1}{\376\377\0003\000.\0001\000.\0002\000.\0001\000\040\000D\000i\000f\000f\000i\000c\000u\000l\000t\000y\000C\000a\000l\000c\000u\000l\000a\000t\000o\000r\000\050\000\051}{subsection.3.1.2}% 9
\BOOKMARK [2][-]{subsection.3.1.3}{\376\377\0003\000.\0001\000.\0003\000\040\000M\000e\000m\000b\000e\000r\000\040\000F\000u\000n\000c\000t\000i\000o\000n\000\040\000D\000o\000c\000u\000m\000e\000n\000t\000a\000t\000i\000o\000n}{section.3.1}% 10
\BOOKMARK [3][-]{subsubsection.3.1.3.1}{\376\377\0003\000.\0001\000.\0003\000.\0001\000\040\000C\000a\000l\000c\000u\000l\000a\000t\000e\000S\000p\000a\000w\000n\000O\000r\000d\000e\000r\000\050\000\051}{subsection.3.1.3}% 11
\BOOKMARK [3][-]{subsubsection.3.1.3.2}{\376\377\0003\000.\0001\000.\0003\000.\0002\000\040\000g\000e\000t\000E\000n\000e\000m\000y\000R\000a\000n\000k\000s\000\050\000\051}{subsection.3.1.3}% 12
\BOOKMARK [3][-]{subsubsection.3.1.3.3}{\376\377\0003\000.\0001\000.\0003\000.\0003\000\040\000g\000e\000t\000S\000p\000a\000w\000n\000A\000m\000o\000u\000n\000t\000\050\000\051}{subsection.3.1.3}% 13
\BOOKMARK [2][-]{subsection.3.1.4}{\376\377\0003\000.\0001\000.\0004\000\040\000M\000e\000m\000b\000e\000r\000\040\000D\000a\000t\000a\000\040\000D\000o\000c\000u\000m\000e\000n\000t\000a\000t\000i\000o\000n}{section.3.1}% 14
\BOOKMARK [3][-]{subsubsection.3.1.4.1}{\376\377\0003\000.\0001\000.\0004\000.\0001\000\040\000d\000i\000f\000f\000i\000c\000u\000l\000t\000y\000T\000a\000b\000l\000e}{subsection.3.1.4}% 15
\BOOKMARK [1][-]{section.3.2}{\376\377\0003\000.\0002\000\040\000D\000i\000f\000f\000i\000c\000u\000l\000t\000y\000C\000a\000l\000c\000u\000l\000a\000t\000o\000r\000F\000a\000c\000t\000o\000r\000y\000\040\000C\000l\000a\000s\000s\000\040\000R\000e\000f\000e\000r\000e\000n\000c\000e}{chapter.3}% 16
\BOOKMARK [2][-]{subsection.3.2.1}{\376\377\0003\000.\0002\000.\0001\000\040\000D\000e\000t\000a\000i\000l\000e\000d\000\040\000D\000e\000s\000c\000r\000i\000p\000t\000i\000o\000n}{section.3.2}% 17
\BOOKMARK [2][-]{subsection.3.2.2}{\376\377\0003\000.\0002\000.\0002\000\040\000M\000e\000m\000b\000e\000r\000\040\000F\000u\000n\000c\000t\000i\000o\000n\000\040\000D\000o\000c\000u\000m\000e\000n\000t\000a\000t\000i\000o\000n}{section.3.2}% 18
\BOOKMARK [3][-]{subsubsection.3.2.2.1}{\376\377\0003\000.\0002\000.\0002\000.\0001\000\040\000C\000r\000e\000a\000t\000e\000C\000a\000l\000c\000u\000l\000a\000t\000o\000r\000\050\000\051}{subsection.3.2.2}% 19
\BOOKMARK [1][-]{section.3.3}{\376\377\0003\000.\0003\000\040\000D\000i\000f\000f\000i\000c\000u\000l\000t\000y\000T\000a\000b\000l\000e\000\040\000C\000l\000a\000s\000s\000\040\000R\000e\000f\000e\000r\000e\000n\000c\000e}{chapter.3}% 20
\BOOKMARK [2][-]{subsection.3.3.1}{\376\377\0003\000.\0003\000.\0001\000\040\000D\000e\000t\000a\000i\000l\000e\000d\000\040\000D\000e\000s\000c\000r\000i\000p\000t\000i\000o\000n}{section.3.3}% 21
\BOOKMARK [2][-]{subsection.3.3.2}{\376\377\0003\000.\0003\000.\0002\000\040\000M\000e\000m\000b\000e\000r\000\040\000D\000a\000t\000a\000\040\000D\000o\000c\000u\000m\000e\000n\000t\000a\000t\000i\000o\000n}{section.3.3}% 22
\BOOKMARK [3][-]{subsubsection.3.3.2.1}{\376\377\0003\000.\0003\000.\0002\000.\0001\000\040\000E\000n\000e\000m\000y\000R\000a\000n\000k\000s}{subsection.3.3.2}% 23
\BOOKMARK [3][-]{subsubsection.3.3.2.2}{\376\377\0003\000.\0003\000.\0002\000.\0002\000\040\000R\000o\000u\000n\000d\000D\000i\000f\000f\000i\000c\000u\000l\000t\000y\000V\000a\000l\000u\000e}{subsection.3.3.2}% 24
\BOOKMARK [1][-]{section.3.4}{\376\377\0003\000.\0004\000\040\000E\000a\000s\000y\000D\000i\000f\000f\000i\000c\000u\000l\000t\000y\000C\000a\000l\000c\000u\000l\000a\000t\000o\000r\000\040\000C\000l\000a\000s\000s\000\040\000R\000e\000f\000e\000r\000e\000n\000c\000e}{chapter.3}% 25
\BOOKMARK [2][-]{subsection.3.4.1}{\376\377\0003\000.\0004\000.\0001\000\040\000D\000e\000t\000a\000i\000l\000e\000d\000\040\000D\000e\000s\000c\000r\000i\000p\000t\000i\000o\000n}{section.3.4}% 26
\BOOKMARK [2][-]{subsection.3.4.2}{\376\377\0003\000.\0004\000.\0002\000\040\000M\000e\000m\000b\000e\000r\000\040\000F\000u\000n\000c\000t\000i\000o\000n\000\040\000D\000o\000c\000u\000m\000e\000n\000t\000a\000t\000i\000o\000n}{section.3.4}% 27
\BOOKMARK [3][-]{subsubsection.3.4.2.1}{\376\377\0003\000.\0004\000.\0002\000.\0001\000\040\000C\000a\000l\000c\000u\000l\000a\000t\000e\000S\000p\000a\000w\000n\000O\000r\000d\000e\000r\000\050\000\051}{subsection.3.4.2}% 28
\BOOKMARK [1][-]{section.3.5}{\376\377\0003\000.\0005\000\040\000H\000a\000r\000d\000D\000i\000f\000f\000i\000c\000u\000l\000t\000y\000C\000a\000l\000c\000u\000l\000a\000t\000o\000r\000\040\000C\000l\000a\000s\000s\000\040\000R\000e\000f\000e\000r\000e\000n\000c\000e}{chapter.3}% 29
\BOOKMARK [2][-]{subsection.3.5.1}{\376\377\0003\000.\0005\000.\0001\000\040\000D\000e\000t\000a\000i\000l\000e\000d\000\040\000D\000e\000s\000c\000r\000i\000p\000t\000i\000o\000n}{section.3.5}% 30
\BOOKMARK [2][-]{subsection.3.5.2}{\376\377\0003\000.\0005\000.\0002\000\040\000M\000e\000m\000b\000e\000r\000\040\000F\000u\000n\000c\000t\000i\000o\000n\000\040\000D\000o\000c\000u\000m\000e\000n\000t\000a\000t\000i\000o\000n}{section.3.5}% 31
\BOOKMARK [3][-]{subsubsection.3.5.2.1}{\376\377\0003\000.\0005\000.\0002\000.\0001\000\040\000C\000a\000l\000c\000u\000l\000a\000t\000e\000S\000p\000a\000w\000n\000O\000r\000d\000e\000r\000\050\000\051}{subsection.3.5.2}% 32
\BOOKMARK [1][-]{section.3.6}{\376\377\0003\000.\0006\000\040\000M\000e\000d\000i\000u\000m\000D\000i\000f\000f\000i\000c\000u\000l\000t\000y\000C\000a\000l\000c\000u\000l\000a\000t\000o\000r\000\040\000C\000l\000a\000s\000s\000\040\000R\000e\000f\000e\000r\000e\000n\000c\000e}{chapter.3}% 33
\BOOKMARK [2][-]{subsection.3.6.1}{\376\377\0003\000.\0006\000.\0001\000\040\000D\000e\000t\000a\000i\000l\000e\000d\000\040\000D\000e\000s\000c\000r\000i\000p\000t\000i\000o\000n}{section.3.6}% 34
\BOOKMARK [1][-]{section.3.7}{\376\377\0003\000.\0007\000\040\000R\000o\000u\000n\000d\000M\000a\000n\000a\000g\000e\000r\000\040\000C\000l\000a\000s\000s\000\040\000R\000e\000f\000e\000r\000e\000n\000c\000e}{chapter.3}% 35
\BOOKMARK [2][-]{subsection.3.7.1}{\376\377\0003\000.\0007\000.\0001\000\040\000D\000e\000t\000a\000i\000l\000e\000d\000\040\000D\000e\000s\000c\000r\000i\000p\000t\000i\000o\000n}{section.3.7}% 36
\BOOKMARK [2][-]{subsection.3.7.2}{\376\377\0003\000.\0007\000.\0002\000\040\000M\000e\000m\000b\000e\000r\000\040\000F\000u\000n\000c\000t\000i\000o\000n\000\040\000D\000o\000c\000u\000m\000e\000n\000t\000a\000t\000i\000o\000n}{section.3.7}% 37
\BOOKMARK [3][-]{subsubsection.3.7.2.1}{\376\377\0003\000.\0007\000.\0002\000.\0001\000\040\000\137\000P\000r\000o\000c\000e\000s\000s\000\050\000\051}{subsection.3.7.2}% 38
\BOOKMARK [3][-]{subsubsection.3.7.2.2}{\376\377\0003\000.\0007\000.\0002\000.\0002\000\040\000\137\000R\000e\000a\000d\000y\000\050\000\051}{subsection.3.7.2}% 39
\BOOKMARK [3][-]{subsubsection.3.7.2.3}{\376\377\0003\000.\0007\000.\0002\000.\0003\000\040\000c\000l\000e\000a\000n\000L\000e\000v\000e\000l\000\050\000\051}{subsection.3.7.2}% 40
\BOOKMARK [3][-]{subsubsection.3.7.2.4}{\376\377\0003\000.\0007\000.\0002\000.\0004\000\040\000G\000a\000m\000e\000L\000o\000s\000t\000E\000v\000e\000n\000t\000H\000a\000n\000d\000l\000e\000r\000\050\000\051}{subsection.3.7.2}% 41
\BOOKMARK [3][-]{subsubsection.3.7.2.5}{\376\377\0003\000.\0007\000.\0002\000.\0005\000\040\000G\000a\000m\000e\000W\000o\000n\000E\000v\000e\000n\000t\000H\000a\000n\000d\000l\000e\000r\000\050\000\051}{subsection.3.7.2}% 42
\BOOKMARK [3][-]{subsubsection.3.7.2.6}{\376\377\0003\000.\0007\000.\0002\000.\0006\000\040\000H\000a\000n\000d\000l\000e\000E\000n\000e\000m\000y\000D\000i\000e\000s\000S\000i\000g\000n\000a\000l\000\050\000\051}{subsection.3.7.2}% 43
\BOOKMARK [3][-]{subsubsection.3.7.2.7}{\376\377\0003\000.\0007\000.\0002\000.\0007\000\040\000H\000a\000n\000d\000l\000e\000E\000n\000e\000m\000y\000F\000i\000n\000i\000s\000h\000e\000d\000S\000i\000g\000n\000a\000l\000\050\000\051}{subsection.3.7.2}% 44
\BOOKMARK [3][-]{subsubsection.3.7.2.8}{\376\377\0003\000.\0007\000.\0002\000.\0008\000\040\000H\000a\000n\000d\000l\000e\000E\000n\000e\000m\000y\000S\000p\000l\000i\000t\000\050\000\051}{subsection.3.7.2}% 45
\BOOKMARK [3][-]{subsubsection.3.7.2.9}{\376\377\0003\000.\0007\000.\0002\000.\0009\000\040\000l\000o\000a\000d\000L\000e\000v\000e\000l\000\050\000\051}{subsection.3.7.2}% 46
\BOOKMARK [3][-]{subsubsection.3.7.2.10}{\376\377\0003\000.\0007\000.\0002\000.\0001\0000\000\040\000s\000p\000a\000w\000n\000E\000n\000e\000m\000y\000\050\000\051}{subsection.3.7.2}% 47
\BOOKMARK [3][-]{subsubsection.3.7.2.11}{\376\377\0003\000.\0007\000.\0002\000.\0001\0001\000\040\000s\000t\000a\000r\000t\000R\000o\000u\000n\000d\000\050\000\051}{subsection.3.7.2}% 48
\BOOKMARK [2][-]{subsection.3.7.3}{\376\377\0003\000.\0007\000.\0003\000\040\000M\000e\000m\000b\000e\000r\000\040\000D\000a\000t\000a\000\040\000D\000o\000c\000u\000m\000e\000n\000t\000a\000t\000i\000o\000n}{section.3.7}% 49
\BOOKMARK [3][-]{subsubsection.3.7.3.1}{\376\377\0003\000.\0007\000.\0003\000.\0001\000\040\000d\000i\000f\000f\000i\000c\000u\000l\000t\000y\000C\000a\000l\000c\000u\000l\000a\000t\000o\000r}{subsection.3.7.3}% 50
\BOOKMARK [3][-]{subsubsection.3.7.3.2}{\376\377\0003\000.\0007\000.\0003\000.\0002\000\040\000l\000e\000v\000e\000l\000D\000a\000t\000a}{subsection.3.7.3}% 51
\BOOKMARK [3][-]{subsubsection.3.7.3.3}{\376\377\0003\000.\0007\000.\0003\000.\0003\000\040\000l\000i\000v\000e\000E\000n\000e\000m\000i\000e\000s}{subsection.3.7.3}% 52
\BOOKMARK [3][-]{subsubsection.3.7.3.4}{\376\377\0003\000.\0007\000.\0003\000.\0004\000\040\000r\000o\000u\000n\000d\000R\000u\000n\000n\000i\000n\000g}{subsection.3.7.3}% 53
\BOOKMARK [3][-]{subsubsection.3.7.3.5}{\376\377\0003\000.\0007\000.\0003\000.\0005\000\040\000s\000p\000a\000w\000n\000Q\000u\000e\000u\000e}{subsection.3.7.3}% 54
\BOOKMARK [1][-]{section.3.8}{\376\377\0003\000.\0008\000\040\000S\000p\000a\000w\000n\000O\000r\000d\000e\000r\000\040\000C\000l\000a\000s\000s\000\040\000R\000e\000f\000e\000r\000e\000n\000c\000e}{chapter.3}% 55
\BOOKMARK [2][-]{subsection.3.8.1}{\376\377\0003\000.\0008\000.\0001\000\040\000D\000e\000t\000a\000i\000l\000e\000d\000\040\000D\000e\000s\000c\000r\000i\000p\000t\000i\000o\000n}{section.3.8}% 56
\BOOKMARK [2][-]{subsection.3.8.2}{\376\377\0003\000.\0008\000.\0002\000\040\000C\000o\000n\000s\000t\000r\000u\000c\000t\000o\000r\000\040\000\046\000\040\000D\000e\000s\000t\000r\000u\000c\000t\000o\000r\000\040\000D\000o\000c\000u\000m\000e\000n\000t\000a\000t\000i\000o\000n}{section.3.8}% 57
\BOOKMARK [3][-]{subsubsection.3.8.2.1}{\376\377\0003\000.\0008\000.\0002\000.\0001\000\040\000S\000p\000a\000w\000n\000O\000r\000d\000e\000r\000\050\000\051}{subsection.3.8.2}% 58
\BOOKMARK [2][-]{subsection.3.8.3}{\376\377\0003\000.\0008\000.\0003\000\040\000M\000e\000m\000b\000e\000r\000\040\000D\000a\000t\000a\000\040\000D\000o\000c\000u\000m\000e\000n\000t\000a\000t\000i\000o\000n}{section.3.8}% 59
\BOOKMARK [3][-]{subsubsection.3.8.3.1}{\376\377\0003\000.\0008\000.\0003\000.\0001\000\040\000E\000n\000e\000m\000y}{subsection.3.8.3}% 60
\BOOKMARK [3][-]{subsubsection.3.8.3.2}{\376\377\0003\000.\0008\000.\0003\000.\0002\000\040\000s\000p\000a\000w\000n\000D\000e\000l\000a\000y}{subsection.3.8.3}% 61
\BOOKMARK [0][-]{section*.25}{\376\377\000I\000n\000d\000e\000x}{}% 62
